2023-04-25 16:51:44 INFO: Parameters: num=40, h=1.00e-05, T_inf=50, value=5.10
2023-04-25 16:51:44 INFO: Beta: [5.1 5.1 5.1 5.1 5.1 5.1 5.1 5.1 5.1 5.1 5.1 5.1 5.1 5.1 5.1 5.1 5.1 5.1
 5.1 5.1 5.1 5.1 5.1 5.1 5.1 5.1 5.1 5.1 5.1 5.1 5.1 5.1 5.1 5.1 5.1 5.1
 5.1 5.1 5.1]
2023-04-25 16:51:44 INFO: T_true: [13.16864425 24.32799272 32.81898947 38.81357098 42.83021893 45.45567074
 47.14786054 48.21465275 48.88601535 49.30501896 49.56707639 49.729659
 49.83095861 49.89426486 49.93386286 49.95826163 49.97302198 49.98169565
 49.98616285 49.98752053 49.9860999  49.98154038 49.97281475 49.95775127
 49.93345534 49.89411588 49.83110942 49.729456   49.56636791 49.30433881
 48.88732562 48.21971092 47.16713306 45.50865774 42.89872638 38.87793439
 32.88951862 24.38548991 13.17852782]
2023-04-25 16:51:44 INFO: T_beta: [23.39050617 37.29715975 44.326965   47.54893196 48.95671011 49.55879253
 49.81392552 49.92161476 49.96699422 49.98610361 49.99414838 49.99753477
 49.99896023 49.99956028 49.99981288 49.9999192  49.99996389 49.9999825
 49.99998986 49.99999179 49.99998986 49.9999825  49.99996389 49.9999192
 49.99981288 49.99956028 49.99896023 49.99753477 49.99414838 49.98610361
 49.96699422 49.92161476 49.81392552 49.55879253 48.95671011 47.54893196
 44.326965   37.29715975 23.39050617]
2023-04-25 16:52:47 INFO: Parameters: num=40, h=1.00e-05, T_inf=50, value=4.90
2023-04-25 16:52:47 INFO: Beta: [4.9 4.9 4.9 4.9 4.9 4.9 4.9 4.9 4.9 4.9 4.9 4.9 4.9 4.9 4.9 4.9 4.9 4.9
 4.9 4.9 4.9 4.9 4.9 4.9 4.9 4.9 4.9 4.9 4.9 4.9 4.9 4.9 4.9 4.9 4.9 4.9
 4.9 4.9 4.9]
2023-04-25 16:52:47 INFO: T_true: [13.17240848 24.32022757 32.88102469 38.91475301 42.93099344 45.51930461
 47.17720059 48.23232149 48.89452798 49.30918329 49.56835386 49.730687
 49.83170794 49.89468417 49.93384    49.95817472 49.97296975 49.98168849
 49.98623651 49.98765526 49.98627232 49.98178409 49.97303585 49.958174
 49.93376008 49.89460255 49.83216097 49.73108694 49.56988292 49.31072769
 48.8957099  48.23546519 47.18896767 45.53097245 42.92392741 38.91604958
 32.93687512 24.42604506 13.24873333]
2023-04-25 16:52:47 INFO: T_beta: [23.01881276 36.89724028 44.04343991 47.38132048 48.86637362 49.51258224
 49.79104406 49.91053245 49.96171238 49.9836172  49.9929894  49.99699891
 49.99871416 49.99944795 49.99976187 49.99989614 49.99995347 49.99997772
 49.99998743 49.99999001 49.99998743 49.99997772 49.99995347 49.99989614
 49.99976187 49.99944795 49.99871416 49.99699891 49.9929894  49.9836172
 49.96171238 49.91053245 49.79104406 49.51258224 48.86637362 47.38132048
 44.04343991 36.89724028 23.01881276]
2023-04-25 16:53:03 INFO: Parameters: num=40, h=1.00e-05, T_inf=50, value=1.30
2023-04-25 16:53:03 INFO: Beta: [1.3 1.3 1.3 1.3 1.3 1.3 1.3 1.3 1.3 1.3 1.3 1.3 1.3 1.3 1.3 1.3 1.3 1.3
 1.3 1.3 1.3 1.3 1.3 1.3 1.3 1.3 1.3 1.3 1.3 1.3 1.3 1.3 1.3 1.3 1.3 1.3
 1.3 1.3 1.3]
2023-04-25 16:53:03 INFO: T_true: [13.12022921 24.30260472 32.85242431 38.88153404 42.89749663 45.51958895
 47.18476296 48.23683681 48.89683968 49.31116955 49.57068996 49.73225331
 49.83314366 49.89571679 49.93459821 49.95879423 49.97340558 49.98190772
 49.98634898 49.98767299 49.98622803 49.98161282 49.97286173 49.95799209
 49.93364377 49.89453905 49.83076364 49.72912696 49.56586065 49.30478598
 48.88690525 48.22578935 47.17109569 45.50343813 42.89333918 38.88681036
 32.89464418 24.34500589 13.15583679]
2023-04-25 16:53:03 INFO: T_beta: [13.00141633 23.47538542 31.53368524 37.45463111 41.6360282  44.49925534
 46.4163965  47.6802201  48.5046438  49.03869321 49.38304846 49.60439626
 49.74634489 49.83716874 49.89508602 49.93176625 49.95462096 49.96827628
 49.97549927 49.97775447 49.97549927 49.96827628 49.95462096 49.93176625
 49.89508602 49.83716874 49.74634489 49.60439626 49.38304846 49.03869321
 48.5046438  47.6802201  46.4163965  44.49925534 41.6360282  37.45463111
 31.53368524 23.47538542 13.00141633]
2023-04-25 16:53:15 INFO: Parameters: num=40, h=1.00e-05, T_inf=50, value=1.20
2023-04-25 16:53:15 INFO: Beta: [1.2 1.2 1.2 1.2 1.2 1.2 1.2 1.2 1.2 1.2 1.2 1.2 1.2 1.2 1.2 1.2 1.2 1.2
 1.2 1.2 1.2 1.2 1.2 1.2 1.2 1.2 1.2 1.2 1.2 1.2 1.2 1.2 1.2 1.2 1.2 1.2
 1.2 1.2 1.2]
2023-04-25 16:53:15 INFO: T_true: [13.22636658 24.39822698 32.92476346 38.9128296  42.94474204 45.53706863
 47.19715934 48.2405174  48.89703271 49.30829268 49.5674265  49.73031796
 49.83161348 49.89487794 49.9339835  49.95821474 49.97292271 49.98164907
 49.98619869 49.98763208 49.98626262 49.98174576 49.97311857 49.9583305
 49.93411745 49.89491044 49.8317626  49.73009426 49.56659833 49.30346714
 48.88458911 48.21798516 47.16517294 45.50700377 42.90210666 38.86424782
 32.86403074 24.37450143 13.22216844]
2023-04-25 16:53:15 INFO: T_beta: [12.53781719 22.74115795 30.70105714 36.65037693 40.93258606 43.92377279
 45.96704948 47.34083374 48.25442381 48.85747651 49.25354993 49.51277808
 49.68198855 49.79214707 49.86358336 49.90955319 49.93861679 49.9561984
 49.96558387 49.9685287  49.96558387 49.9561984  49.93861679 49.90955319
 49.86358336 49.79214707 49.68198855 49.51277808 49.25354993 48.85747651
 48.25442381 47.34083374 45.96704948 43.92377279 40.93258606 36.65037693
 30.70105714 22.74115795 12.53781719]
2023-04-25 16:55:49 INFO: Parameters: num=40, h=5.00e-01, T_inf=50, value=1.20
2023-04-25 16:55:49 INFO: Beta: [1.2 1.2 1.2 1.2 1.2 1.2 1.2 1.2 1.2 1.2 1.2 1.2 1.2 1.2 1.2 1.2 1.2 1.2
 1.2 1.2 1.2 1.2 1.2 1.2 1.2 1.2 1.2 1.2 1.2 1.2 1.2 1.2 1.2 1.2 1.2 1.2
 1.2 1.2 1.2]
2023-04-25 16:55:49 INFO: T_true: [13.17580048 24.36455401 32.89171317 38.88375535 42.89147899 45.49762276
 47.1595602  48.21915494 48.88686468 49.30588819 49.56594167 49.72856184
 49.83059443 49.89415451 49.93343858 49.95777152 49.97268201 49.98150376
 49.98624124 49.98780166 49.98662733 49.9823586  49.97407484 49.95989748
 49.93645161 49.89814642 49.83634041 49.73690458 49.57709405 49.32235726
 48.9160932  48.26624213 47.22741606 45.58206457 42.99543212 38.99088719
 33.03458624 24.51920046 13.29694831]
2023-04-25 16:55:49 INFO: T_beta: [12.53781719 22.74115795 30.70105714 36.65037693 40.93258606 43.92377279
 45.96704948 47.34083374 48.25442381 48.85747651 49.25354993 49.51277808
 49.68198855 49.79214707 49.86358336 49.90955319 49.93861679 49.9561984
 49.96558387 49.9685287  49.96558387 49.9561984  49.93861679 49.90955319
 49.86358336 49.79214707 49.68198855 49.51277808 49.25354993 48.85747651
 48.25442381 47.34083374 45.96704948 43.92377279 40.93258606 36.65037693
 30.70105714 22.74115795 12.53781719]
2023-04-25 16:56:01 INFO: Parameters: num=40, h=5.00e-01, T_inf=50, value=1.30
2023-04-25 16:56:01 INFO: Beta: [1.3 1.3 1.3 1.3 1.3 1.3 1.3 1.3 1.3 1.3 1.3 1.3 1.3 1.3 1.3 1.3 1.3 1.3
 1.3 1.3 1.3 1.3 1.3 1.3 1.3 1.3 1.3 1.3 1.3 1.3 1.3 1.3 1.3 1.3 1.3 1.3
 1.3 1.3 1.3]
2023-04-25 16:56:01 INFO: T_true: [13.24479102 24.40407525 32.92119251 38.91885219 42.93166463 45.53205872
 47.19471704 48.24269318 48.89955954 49.30875732 49.56797049 49.73036706
 49.83144885 49.89474035 49.93384011 49.95812373 49.97292076 49.98160884
 49.98615198 49.98752007 49.98604957 49.98137497 49.97252157 49.95745918
 49.93301194 49.89343402 49.83006368 49.72826214 49.56558813 49.30452645
 48.88696623 48.21731738 47.16266446 45.48780023 42.85743311 38.8320641
 32.85259361 24.31689611 13.17338016]
2023-04-25 16:56:01 INFO: T_beta: [13.00141633 23.47538542 31.53368524 37.45463111 41.6360282  44.49925534
 46.4163965  47.6802201  48.5046438  49.03869321 49.38304846 49.60439626
 49.74634489 49.83716874 49.89508602 49.93176625 49.95462096 49.96827628
 49.97549927 49.97775447 49.97549927 49.96827628 49.95462096 49.93176625
 49.89508602 49.83716874 49.74634489 49.60439626 49.38304846 49.03869321
 48.5046438  47.6802201  46.4163965  44.49925534 41.6360282  37.45463111
 31.53368524 23.47538542 13.00141633]
2023-04-25 16:56:08 INFO: Parameters: num=40, h=5.00e-01, T_inf=50, value=4.20
2023-04-25 16:56:08 INFO: Beta: [4.2 4.2 4.2 4.2 4.2 4.2 4.2 4.2 4.2 4.2 4.2 4.2 4.2 4.2 4.2 4.2 4.2 4.2
 4.2 4.2 4.2 4.2 4.2 4.2 4.2 4.2 4.2 4.2 4.2 4.2 4.2 4.2 4.2 4.2 4.2 4.2
 4.2 4.2 4.2]
2023-04-25 16:56:08 INFO: T_true: [13.13157634 24.21675431 32.72804497 38.77476744 42.81009409 45.43771859
 47.12733313 48.19109987 48.86153456 49.28547189 49.55449169 49.72336978
 49.82804469 49.89305228 49.9329759  49.95772043 49.97278069 49.98159319
 49.98613902 49.98760263 49.98618032 49.9816578  49.97306257 49.95828391
 49.93407992 49.89494427 49.83190327 49.73062842 49.56762995 49.30802239
 48.89288554 48.23085499 47.17888886 45.52426576 42.92886745 38.95204018
 32.96587991 24.40030375 13.20027001]
2023-04-25 16:56:08 INFO: T_beta: [21.62295392 35.32971802 42.87822428 46.66019081 48.46041313 49.29601316
 49.67930038 49.85415455 49.93372338 49.96989085 49.98632218 49.99378549
 49.99717513 49.99871457 49.99941366 49.99973099 49.99987468 49.99993895
 49.99996593 49.99997332 49.99996593 49.99993895 49.99987468 49.99973099
 49.99941366 49.99871457 49.99717513 49.99378549 49.98632218 49.96989085
 49.93372338 49.85415455 49.67930038 49.29601316 48.46041313 46.66019081
 42.87822428 35.32971802 21.62295392]
2023-04-25 16:56:17 INFO: Parameters: num=40, h=5.00e-01, T_inf=50, value=5.10
2023-04-25 16:56:17 INFO: Beta: [5.1 5.1 5.1 5.1 5.1 5.1 5.1 5.1 5.1 5.1 5.1 5.1 5.1 5.1 5.1 5.1 5.1 5.1
 5.1 5.1 5.1 5.1 5.1 5.1 5.1 5.1 5.1 5.1 5.1 5.1 5.1 5.1 5.1 5.1 5.1 5.1
 5.1 5.1 5.1]
2023-04-25 16:56:17 INFO: T_true: [13.21990948 24.42053217 32.95874475 38.95489462 42.97683631 45.5664789
 47.2209236  48.25676079 48.90506199 49.31551033 49.57306853 49.73347197
 49.83279439 49.89527809 49.93426285 49.95851258 49.97314674 49.98172583
 49.98615503 49.98748578 49.98599555 49.98139309 49.97253313 49.95756507
 49.93294295 49.89276589 49.82863775 49.72643431 49.56333529 49.2997927
 48.87798409 48.20090694 47.12815206 45.43995868 42.78916552 38.73755205
 32.71529757 24.21712825 13.10525216]
2023-04-25 16:56:17 INFO: T_beta: [23.39050617 37.29715975 44.326965   47.54893196 48.95671011 49.55879253
 49.81392552 49.92161476 49.96699422 49.98610361 49.99414838 49.99753477
 49.99896023 49.99956028 49.99981288 49.9999192  49.99996389 49.9999825
 49.99998986 49.99999179 49.99998986 49.9999825  49.99996389 49.9999192
 49.99981288 49.99956028 49.99896023 49.99753477 49.99414838 49.98610361
 49.96699422 49.92161476 49.81392552 49.55879253 48.95671011 47.54893196
 44.326965   37.29715975 23.39050617]
